2020-04-23 12:57:55,907	influx_updater.py	DEBUG	Configured scheduler...
2020-04-23 12:57:55,909	influx_updater.py	INFO	Program started...
2020-04-23 12:58:36,846	influx_updater.py	DEBUG	Configured scheduler...
2020-04-23 12:58:36,848	influx_updater.py	INFO	Program started...
2020-04-23 12:59:43,787	influx_updater.py	DEBUG	Configured scheduler...
2020-04-23 12:59:43,788	influx_updater.py	INFO	Program started...
2020-04-23 13:06:34,101	influx_updater.py	DEBUG	Configured scheduler...
2020-04-23 13:06:34,106	influx_updater.py	INFO	Program started...
2020-04-23 13:07:00,002	influx_updater.py	ERROR	name 'psycopg2' is not defined
2020-04-23 13:07:00,003	influx_updater.py	DEBUG	Energy meter list is empty...
2020-04-23 13:07:00,015	influx_updater.py	DEBUG	Successfully connected to influx...
2020-04-23 13:07:00,016	influx_updater.py	DEBUG	Successfully disconnected from influx...
2020-04-23 13:08:22,508	influx_updater.py	DEBUG	Configured scheduler...
2020-04-23 13:08:22,511	influx_updater.py	INFO	Program started...
2020-04-23 13:09:00,018	influx_updater.py	DEBUG	Successfully connected to psql...
2020-04-23 13:09:00,022	influx_updater.py	ERROR	relation "energy_meters" does not exist
LINE 1: SELECT * FROM energy_meters;
                      ^

2020-04-23 13:09:00,023	influx_updater.py	DEBUG	Energy meter list is empty...
2020-04-23 13:09:00,031	influx_updater.py	DEBUG	Successfully connected to influx...
2020-04-23 13:09:00,032	influx_updater.py	DEBUG	Successfully disconnected from influx...
2020-04-23 13:10:00,013	influx_updater.py	DEBUG	Successfully connected to psql...
2020-04-23 13:10:00,015	influx_updater.py	ERROR	relation "energy_meters" does not exist
LINE 1: SELECT * FROM energy_meters;
                      ^

2020-04-23 13:10:00,016	influx_updater.py	DEBUG	Energy meter list is empty...
2020-04-23 13:10:00,021	influx_updater.py	DEBUG	Successfully connected to influx...
2020-04-23 13:10:00,023	influx_updater.py	DEBUG	Successfully disconnected from influx...
2020-04-23 13:11:00,012	influx_updater.py	DEBUG	Successfully connected to psql...
2020-04-23 13:11:00,014	influx_updater.py	ERROR	relation "energy_meters" does not exist
LINE 1: SELECT * FROM energy_meters;
                      ^

2020-04-23 13:11:00,015	influx_updater.py	DEBUG	Energy meter list is empty...
2020-04-23 13:11:00,020	influx_updater.py	DEBUG	Successfully connected to influx...
2020-04-23 13:11:00,021	influx_updater.py	DEBUG	Successfully disconnected from influx...
2020-04-23 13:12:00,011	influx_updater.py	DEBUG	Successfully connected to psql...
2020-04-23 13:12:00,013	influx_updater.py	ERROR	relation "energy_meters" does not exist
LINE 1: SELECT * FROM energy_meters;
                      ^

2020-04-23 13:12:00,014	influx_updater.py	DEBUG	Energy meter list is empty...
2020-04-23 13:12:00,020	influx_updater.py	DEBUG	Successfully connected to influx...
2020-04-23 13:12:00,021	influx_updater.py	DEBUG	Successfully disconnected from influx...
2020-04-23 13:13:00,011	influx_updater.py	DEBUG	Successfully connected to psql...
2020-04-23 13:13:00,013	influx_updater.py	ERROR	relation "energy_meters" does not exist
LINE 1: SELECT * FROM energy_meters;
                      ^

2020-04-23 13:13:00,014	influx_updater.py	DEBUG	Energy meter list is empty...
2020-04-23 13:13:00,019	influx_updater.py	DEBUG	Successfully connected to influx...
2020-04-23 13:13:00,020	influx_updater.py	DEBUG	Successfully disconnected from influx...
2020-04-23 13:14:00,012	influx_updater.py	DEBUG	Successfully connected to psql...
2020-04-23 13:14:00,016	influx_updater.py	ERROR	relation "energy_meters" does not exist
LINE 1: SELECT * FROM energy_meters;
                      ^

2020-04-23 13:14:00,017	influx_updater.py	DEBUG	Energy meter list is empty...
2020-04-23 13:14:00,022	influx_updater.py	DEBUG	Successfully connected to influx...
2020-04-23 13:14:00,023	influx_updater.py	DEBUG	Successfully disconnected from influx...
2020-04-23 13:15:00,010	influx_updater.py	DEBUG	Successfully connected to psql...
2020-04-23 13:15:00,012	influx_updater.py	ERROR	relation "energy_meters" does not exist
LINE 1: SELECT * FROM energy_meters;
                      ^

2020-04-23 13:15:00,012	influx_updater.py	DEBUG	Energy meter list is empty...
2020-04-23 13:15:00,017	influx_updater.py	DEBUG	Successfully connected to influx...
2020-04-23 13:15:00,018	influx_updater.py	DEBUG	Successfully disconnected from influx...
2020-04-23 13:27:01,490	influx_updater.py	DEBUG	Configured scheduler...
2020-04-23 13:27:01,496	influx_updater.py	INFO	Program started...
2020-04-23 13:28:00,020	influx_updater.py	DEBUG	Successfully connected to psql...
2020-04-23 13:28:00,026	influx_updater.py	ERROR	relation "energy_meters" does not exist
LINE 1: SELECT * FROM energy_meters;
                      ^

2020-04-23 13:28:00,028	influx_updater.py	DEBUG	Energy meter list is empty...
2020-04-23 13:28:00,050	influx_updater.py	DEBUG	Successfully connected to influx...
2020-04-23 13:28:00,054	influx_updater.py	DEBUG	Successfully disconnected from influx...
2020-04-23 13:35:34,650	influx_updater.py	DEBUG	Configured scheduler...
2020-04-23 13:35:34,656	influx_updater.py	INFO	Program started...
2020-04-23 13:36:00,014	influx_updater.py	DEBUG	Successfully connected to psql...
2020-04-23 13:36:00,016	influx_updater.py	DEBUG	Successfully disconnected from psql...
2020-04-23 13:36:00,017	influx_updater.py	DEBUG	Energy meter list is empty...
2020-04-23 13:36:00,023	influx_updater.py	DEBUG	Successfully connected to influx...
2020-04-23 13:36:00,024	influx_updater.py	DEBUG	Successfully disconnected from influx...
2020-04-23 13:37:00,015	influx_updater.py	DEBUG	Successfully connected to psql...
2020-04-23 13:37:00,018	influx_updater.py	DEBUG	Successfully disconnected from psql...
2020-04-23 13:37:00,019	influx_updater.py	DEBUG	Energy meter list is empty...
2020-04-23 13:37:00,028	influx_updater.py	DEBUG	Successfully connected to influx...
2020-04-23 13:37:00,029	influx_updater.py	DEBUG	Successfully disconnected from influx...
2020-04-23 13:38:00,014	influx_updater.py	DEBUG	Successfully connected to psql...
2020-04-23 13:38:00,016	influx_updater.py	DEBUG	Successfully disconnected from psql...
2020-04-23 13:38:00,016	influx_updater.py	DEBUG	Energy meter list is empty...
2020-04-23 13:38:00,021	influx_updater.py	DEBUG	Successfully connected to influx...
2020-04-23 13:38:00,022	influx_updater.py	DEBUG	Successfully disconnected from influx...
2020-04-23 13:39:00,011	influx_updater.py	DEBUG	Successfully connected to psql...
2020-04-23 13:39:00,013	influx_updater.py	DEBUG	Successfully disconnected from psql...
2020-04-23 13:39:00,013	influx_updater.py	DEBUG	Energy meter list is empty...
2020-04-23 13:39:00,018	influx_updater.py	DEBUG	Successfully connected to influx...
2020-04-23 13:39:00,019	influx_updater.py	DEBUG	Successfully disconnected from influx...
2020-04-23 13:40:00,012	influx_updater.py	DEBUG	Successfully connected to psql...
2020-04-23 13:40:00,014	influx_updater.py	DEBUG	Successfully disconnected from psql...
2020-04-23 13:40:00,015	influx_updater.py	DEBUG	Energy meter list is empty...
2020-04-23 13:40:00,021	influx_updater.py	DEBUG	Successfully connected to influx...
2020-04-23 13:40:00,022	influx_updater.py	DEBUG	Successfully disconnected from influx...
2020-04-23 13:41:00,015	influx_updater.py	DEBUG	Successfully connected to psql...
2020-04-23 13:41:00,017	influx_updater.py	DEBUG	Successfully disconnected from psql...
2020-04-23 13:41:00,018	influx_updater.py	DEBUG	Energy meter list is empty...
2020-04-23 13:41:00,023	influx_updater.py	DEBUG	Successfully connected to influx...
2020-04-23 13:41:00,025	influx_updater.py	DEBUG	Successfully disconnected from influx...
2020-04-23 13:42:00,011	influx_updater.py	DEBUG	Successfully connected to psql...
2020-04-23 13:42:00,013	influx_updater.py	DEBUG	Successfully disconnected from psql...
2020-04-23 13:42:00,014	influx_updater.py	DEBUG	Energy meter list is empty...
2020-04-23 13:42:00,020	influx_updater.py	DEBUG	Successfully connected to influx...
2020-04-23 13:42:00,021	influx_updater.py	DEBUG	Successfully disconnected from influx...
2020-04-23 13:43:00,010	influx_updater.py	DEBUG	Successfully connected to psql...
2020-04-23 13:43:00,012	influx_updater.py	DEBUG	Successfully disconnected from psql...
2020-04-23 13:43:00,015	influx_updater.py	DEBUG	Energy meter list is empty...
2020-04-23 13:43:00,020	influx_updater.py	DEBUG	Successfully connected to influx...
2020-04-23 13:43:00,021	influx_updater.py	DEBUG	Successfully disconnected from influx...
2020-04-23 13:44:50,562	influx_updater.py	DEBUG	Configured scheduler...
2020-04-23 13:44:50,567	influx_updater.py	INFO	Program started...
2020-04-23 13:45:00,017	influx_updater.py	DEBUG	Successfully connected to psql...
2020-04-23 13:45:00,019	influx_updater.py	DEBUG	Successfully disconnected from psql...
2020-04-23 13:45:00,019	influx_updater.py	DEBUG	Energy meter list is empty...
2020-04-23 13:45:00,026	influx_updater.py	DEBUG	Successfully connected to influx...
2020-04-23 13:45:00,027	influx_updater.py	DEBUG	Successfully disconnected from influx...
2020-04-23 13:46:00,011	influx_updater.py	DEBUG	Successfully connected to psql...
2020-04-23 13:46:00,014	influx_updater.py	DEBUG	Successfully disconnected from psql...
2020-04-23 13:46:00,015	influx_updater.py	DEBUG	Energy meter list is empty...
2020-04-23 13:46:00,020	influx_updater.py	DEBUG	Successfully connected to influx...
2020-04-23 13:46:00,021	influx_updater.py	DEBUG	Successfully disconnected from influx...
2020-04-23 13:47:00,010	influx_updater.py	DEBUG	Successfully connected to psql...
2020-04-23 13:47:00,012	influx_updater.py	DEBUG	Successfully disconnected from psql...
2020-04-23 13:47:00,014	influx_updater.py	DEBUG	Energy meter list is empty...
2020-04-23 13:47:00,020	influx_updater.py	DEBUG	Successfully connected to influx...
2020-04-23 13:47:00,021	influx_updater.py	DEBUG	Successfully disconnected from influx...
2020-04-23 13:48:00,011	influx_updater.py	DEBUG	Successfully connected to psql...
2020-04-23 13:48:00,013	influx_updater.py	DEBUG	Successfully disconnected from psql...
2020-04-23 13:48:00,015	influx_updater.py	DEBUG	Energy meter list is empty...
2020-04-23 13:48:00,020	influx_updater.py	DEBUG	Successfully connected to influx...
2020-04-23 13:48:00,020	influx_updater.py	DEBUG	Successfully disconnected from influx...
2020-04-23 13:49:00,010	influx_updater.py	DEBUG	Successfully connected to psql...
2020-04-23 13:49:00,013	influx_updater.py	DEBUG	Successfully disconnected from psql...
2020-04-23 13:49:00,015	influx_updater.py	DEBUG	Energy meter list is empty...
2020-04-23 13:49:00,019	influx_updater.py	DEBUG	Successfully connected to influx...
2020-04-23 13:49:00,021	influx_updater.py	DEBUG	Successfully disconnected from influx...
2020-04-23 13:50:00,009	influx_updater.py	DEBUG	Successfully connected to psql...
2020-04-23 13:50:00,011	influx_updater.py	ERROR	Unusual exception: __init__() got an unexpected keyword argument 'slaveaddress'
2020-04-23 13:51:00,010	influx_updater.py	DEBUG	Successfully connected to psql...
2020-04-23 13:51:00,014	influx_updater.py	ERROR	Unusual exception: __init__() got an unexpected keyword argument 'slaveaddress'
2020-04-23 13:52:59,701	influx_updater.py	DEBUG	Configured scheduler...
2020-04-23 13:52:59,705	influx_updater.py	INFO	Program started...
2020-04-23 13:53:00,013	influx_updater.py	DEBUG	Successfully connected to psql...
2020-04-23 13:53:00,018	influx_updater.py	ERROR	Unusual exception: name 'tyope' is not defined
2020-04-23 13:55:29,231	influx_updater.py	DEBUG	Configured scheduler...
2020-04-23 13:55:29,233	influx_updater.py	INFO	Program started...
2020-04-23 13:56:00,019	influx_updater.py	DEBUG	Successfully connected to psql...
2020-04-23 13:56:00,023	influx_updater.py	DEBUG	Successfully disconnected from psql...
2020-04-23 13:56:00,024	influx_updater.py	DEBUG	Updated energy meter list...
2020-04-23 13:56:00,035	influx_updater.py	DEBUG	Successfully connected to influx...
2020-04-23 13:56:00,042	influx_updater.py	DEBUG	Successfully connected to psql...
2020-04-23 13:56:00,046	influx_updater.py	DEBUG	Successfully disconnected from psql...
2020-04-23 13:56:00,160	influx_updater.py	DEBUG	Updated influx with data from virtual_modbustcp_server:502:0
2020-04-23 13:56:00,161	influx_updater.py	DEBUG	Successfully disconnected from influx...
2020-04-23 13:57:00,011	influx_updater.py	DEBUG	Successfully connected to psql...
2020-04-23 13:57:00,015	influx_updater.py	DEBUG	Successfully disconnected from psql...
2020-04-23 13:57:00,016	influx_updater.py	DEBUG	Updated energy meter list...
2020-04-23 13:57:00,021	influx_updater.py	DEBUG	Successfully connected to influx...
2020-04-23 13:57:00,028	influx_updater.py	DEBUG	Successfully connected to psql...
2020-04-23 13:57:00,030	influx_updater.py	DEBUG	Successfully disconnected from psql...
2020-04-23 13:57:00,037	influx_updater.py	DEBUG	Updated influx with data from virtual_modbustcp_server:502:0
2020-04-23 13:57:00,038	influx_updater.py	DEBUG	Successfully disconnected from influx...
2020-04-23 13:58:00,013	influx_updater.py	DEBUG	Successfully connected to psql...
2020-04-23 13:58:00,019	influx_updater.py	DEBUG	Successfully disconnected from psql...
2020-04-23 13:58:00,020	influx_updater.py	DEBUG	Updated energy meter list...
2020-04-23 13:58:00,028	influx_updater.py	DEBUG	Successfully connected to influx...
2020-04-23 13:58:00,036	influx_updater.py	DEBUG	Successfully connected to psql...
2020-04-23 13:58:00,038	influx_updater.py	DEBUG	Successfully disconnected from psql...
2020-04-23 13:58:00,049	influx_updater.py	DEBUG	Updated influx with data from virtual_modbustcp_server:502:0
2020-04-23 13:58:00,051	influx_updater.py	DEBUG	Successfully disconnected from influx...
2020-04-23 13:59:00,012	influx_updater.py	DEBUG	Successfully connected to psql...
2020-04-23 13:59:00,018	influx_updater.py	DEBUG	Successfully disconnected from psql...
2020-04-23 13:59:00,018	influx_updater.py	DEBUG	Updated energy meter list...
2020-04-23 13:59:00,023	influx_updater.py	DEBUG	Successfully connected to influx...
2020-04-23 13:59:00,029	influx_updater.py	DEBUG	Successfully connected to psql...
2020-04-23 13:59:00,032	influx_updater.py	DEBUG	Successfully disconnected from psql...
2020-04-23 13:59:00,039	influx_updater.py	DEBUG	Updated influx with data from virtual_modbustcp_server:502:0
2020-04-23 13:59:00,040	influx_updater.py	DEBUG	Successfully disconnected from influx...
2020-04-23 14:00:00,013	influx_updater.py	DEBUG	Successfully connected to psql...
2020-04-23 14:00:00,019	influx_updater.py	DEBUG	Successfully disconnected from psql...
2020-04-23 14:00:00,020	influx_updater.py	DEBUG	Updated energy meter list...
2020-04-23 14:00:00,026	influx_updater.py	DEBUG	Successfully connected to influx...
2020-04-23 14:00:00,034	influx_updater.py	DEBUG	Successfully connected to psql...
2020-04-23 14:00:00,037	influx_updater.py	DEBUG	Successfully disconnected from psql...
2020-04-23 14:00:00,046	influx_updater.py	DEBUG	Updated influx with data from virtual_modbustcp_server:502:0
2020-04-23 14:00:00,048	influx_updater.py	DEBUG	Successfully disconnected from influx...
2020-04-23 14:01:00,017	influx_updater.py	DEBUG	Successfully connected to psql...
2020-04-23 14:01:00,020	influx_updater.py	DEBUG	Successfully disconnected from psql...
2020-04-23 14:01:00,021	influx_updater.py	DEBUG	Updated energy meter list...
2020-04-23 14:01:00,027	influx_updater.py	DEBUG	Successfully connected to influx...
2020-04-23 14:01:00,032	influx_updater.py	DEBUG	Successfully connected to psql...
2020-04-23 14:01:00,035	influx_updater.py	DEBUG	Successfully disconnected from psql...
2020-04-23 14:01:00,042	influx_updater.py	DEBUG	Updated influx with data from virtual_modbustcp_server:502:0
2020-04-23 14:01:00,043	influx_updater.py	DEBUG	Successfully disconnected from influx...
2020-04-23 14:03:12,093	influx_updater.py	DEBUG	Configured scheduler...
2020-04-23 14:03:12,097	influx_updater.py	INFO	Program started...
2020-04-23 14:04:00,014	influx_updater.py	DEBUG	Successfully connected to psql...
2020-04-23 14:04:00,017	influx_updater.py	DEBUG	Successfully disconnected from psql...
2020-04-23 14:04:00,018	influx_updater.py	DEBUG	Updated energy meter list...
2020-04-23 14:04:00,023	influx_updater.py	DEBUG	Successfully connected to influx...
2020-04-23 14:04:00,029	influx_updater.py	DEBUG	Successfully connected to psql...
2020-04-23 14:04:00,032	influx_updater.py	DEBUG	Successfully disconnected from psql...
2020-04-23 14:04:00,119	influx_updater.py	DEBUG	Updated influx with data from virtual_modbustcp_server:502:0
2020-04-23 14:04:00,120	influx_updater.py	DEBUG	Successfully disconnected from influx...
2020-04-23 14:05:00,017	influx_updater.py	DEBUG	Successfully connected to psql...
2020-04-23 14:05:00,020	influx_updater.py	DEBUG	Successfully disconnected from psql...
2020-04-23 14:05:00,021	influx_updater.py	DEBUG	Updated energy meter list...
2020-04-23 14:05:00,026	influx_updater.py	DEBUG	Successfully connected to influx...
2020-04-23 14:05:00,033	influx_updater.py	DEBUG	Successfully connected to psql...
2020-04-23 14:05:00,036	influx_updater.py	DEBUG	Successfully disconnected from psql...
2020-04-23 14:05:00,046	influx_updater.py	DEBUG	Updated influx with data from virtual_modbustcp_server:502:0
2020-04-23 14:05:00,048	influx_updater.py	DEBUG	Successfully disconnected from influx...
2020-04-23 14:06:00,013	influx_updater.py	DEBUG	Successfully connected to psql...
2020-04-23 14:06:00,017	influx_updater.py	DEBUG	Successfully disconnected from psql...
2020-04-23 14:06:00,017	influx_updater.py	DEBUG	Updated energy meter list...
2020-04-23 14:06:00,023	influx_updater.py	DEBUG	Successfully connected to influx...
2020-04-23 14:06:00,030	influx_updater.py	DEBUG	Successfully connected to psql...
2020-04-23 14:06:00,032	influx_updater.py	DEBUG	Successfully disconnected from psql...
2020-04-23 14:06:00,043	influx_updater.py	DEBUG	Updated influx with data from virtual_modbustcp_server:502:0
2020-04-23 14:06:00,044	influx_updater.py	DEBUG	Successfully disconnected from influx...
2020-04-23 14:07:00,012	influx_updater.py	DEBUG	Successfully connected to psql...
2020-04-23 14:07:00,016	influx_updater.py	DEBUG	Successfully disconnected from psql...
2020-04-23 14:07:00,017	influx_updater.py	DEBUG	Updated energy meter list...
2020-04-23 14:07:00,024	influx_updater.py	DEBUG	Successfully connected to influx...
2020-04-23 14:07:00,029	influx_updater.py	DEBUG	Successfully connected to psql...
2020-04-23 14:07:00,032	influx_updater.py	DEBUG	Successfully disconnected from psql...
2020-04-23 14:07:00,040	influx_updater.py	DEBUG	Updated influx with data from virtual_modbustcp_server:502:0
2020-04-23 14:07:00,041	influx_updater.py	DEBUG	Successfully disconnected from influx...
2020-04-23 14:11:16,688	influx_updater.py	DEBUG	Configured scheduler...
2020-04-23 14:11:16,696	influx_updater.py	INFO	Program started...
2020-04-23 14:12:25,590	influx_updater.py	DEBUG	Configured scheduler...
2020-04-23 14:12:25,596	influx_updater.py	INFO	Program started...
2020-04-23 14:16:05,038	influx_updater.py	DEBUG	Configured scheduler...
2020-04-23 14:16:05,046	influx_updater.py	INFO	Program started...
2020-04-23 14:17:00,014	influx_updater.py	DEBUG	Successfully connected to psql...
2020-04-23 14:17:00,018	influx_updater.py	DEBUG	Successfully disconnected from psql...
2020-04-23 14:17:00,018	influx_updater.py	DEBUG	Updated energy meter list...
2020-04-23 14:17:00,024	influx_updater.py	DEBUG	Successfully connected to influx...
2020-04-23 14:17:00,030	influx_updater.py	DEBUG	Successfully connected to psql...
2020-04-23 14:17:00,033	influx_updater.py	DEBUG	Successfully disconnected from psql...
2020-04-23 14:17:00,141	influx_updater.py	DEBUG	Updated influx with data from virtual_modbustcp_server:502:0
2020-04-23 14:17:00,142	influx_updater.py	DEBUG	Successfully disconnected from influx...
