2019-11-09 16:19:53,075	main.py	ERROR	HTTPConnectionPool(host='192.168.1.13', port=8086): Read timed out. (read timeout=5)
2019-11-09 16:19:53,076	main.py	INFO	Successfully connected to influx...
2019-11-09 16:20:30,106	main.py	ERROR	HTTPConnectionPool(host='192.168.1.13', port=8086): Read timed out. (read timeout=5)
2019-11-09 16:20:30,106	main.py	INFO	Successfully connected to influx...
2019-11-09 16:20:30,225	main.py	INFO	Successfully connected to psql...
2019-11-09 16:21:25,275	main.py	ERROR	HTTPConnectionPool(host='192.168.1.13', port=8086): Read timed out. (read timeout=5)
2019-11-09 16:21:25,276	main.py	INFO	Successfully connected to influx...
2019-11-09 16:21:25,375	main.py	INFO	Successfully connected to psql...
2019-11-09 16:22:49,352	main.py	ERROR	HTTPConnectionPool(host='192.168.1.13', port=8086): Read timed out. (read timeout=10)
2019-11-09 16:22:49,353	main.py	INFO	Successfully connected to influx...
2019-11-09 16:22:49,460	main.py	INFO	Successfully connected to psql...
2019-11-09 16:25:30,008	main.py	ERROR	HTTPConnectionPool(host='192.168.1.13', port=8086): Read timed out. (read timeout=10)
2019-11-09 16:25:30,009	main.py	INFO	Successfully connected to influx...
2019-11-09 16:25:30,115	main.py	INFO	Successfully connected to psql...
2019-11-09 16:26:52,412	main.py	INFO	Successfully connected to influx...
2019-11-09 16:26:52,520	main.py	INFO	Successfully connected to psql...
2019-11-09 16:27:38,723	main.py	INFO	Successfully connected to influx...
2019-11-09 16:27:39,179	main.py	INFO	Successfully connected to psql...
2019-11-09 16:28:36,438	main.py	INFO	Successfully connected to influx...
2019-11-09 16:28:36,557	main.py	INFO	Successfully connected to psql...
2019-11-09 16:28:54,066	main.py	INFO	Successfully connected to influx...
2019-11-09 16:28:54,156	main.py	INFO	Successfully connected to psql...
2019-11-09 16:29:04,628	main.py	INFO	Successfully connected to influx...
2019-11-09 16:29:04,689	main.py	INFO	Successfully connected to psql...
2019-11-09 22:23:40,721	main.py	INFO	Successfully connected to influx...
2019-11-09 22:23:40,823	main.py	INFO	Successfully connected to psql...
2019-11-09 22:25:17,222	main.py	INFO	Successfully connected to influx...
2019-11-09 22:25:17,312	main.py	INFO	Successfully connected to psql...
2019-11-09 22:25:53,739	main.py	INFO	Successfully connected to influx...
2019-11-09 22:25:53,898	main.py	INFO	Successfully connected to psql...
2019-11-09 22:30:58,899	main.py	INFO	Successfully connected to influx...
2019-11-09 22:30:59,004	main.py	INFO	Successfully connected to psql...
2019-11-09 22:32:07,750	main.py	INFO	Successfully connected to influx...
2019-11-09 22:32:07,875	main.py	INFO	Successfully connected to psql...
2019-11-09 22:37:37,641	main.py	INFO	Successfully connected to influx...
2019-11-09 22:37:37,752	main.py	INFO	Successfully connected to psql...
2019-11-09 22:37:39,098	main.py	INFO	Data successfully wrote to influx...
2019-11-09 22:45:52,411	main.py	INFO	Successfully connected to influx...
2019-11-09 22:45:52,514	main.py	INFO	Successfully connected to psql...
2019-11-09 22:45:53,836	main.py	INFO	Data successfully wrote to influx...
2019-11-09 22:55:59,079	influx_updater.py	INFO	Successfully connected to influx...
2019-11-09 22:55:59,189	influx_updater.py	INFO	Successfully connected to psql...
2019-11-09 22:56:00,544	influx_updater.py	INFO	Data successfully wrote to influx...
